<?xml version="1.0" encoding="UTF-8"?>
<testsuites name="JenkinsSuit_Script" time="29.899" tests="1" failures="0" errors="0">
   <testsuite name="JenkinsSuit_Script" tests="1" failures="0" errors="0" time="29.899" skipped="0" timestamp="16-09-2024T13:27:50" hostname="sokphak.phol - 21639-SOKPHAK.PRASAC.COM.KH" id="Test Suites/TestSuit_Jenkins/JenkinsSuit_Script">
      <properties>
         <property name="deviceName" value=""/>
         <property name="devicePlatform"/>
         <property name="logFolder" value="D:\\Katalon-Atomate-Testing\\DevOps_Automate_Testing_Katalon\\Reports\\20240916_132740\\TestSuit_Jenkins\\JenkinsSuit_Script\\20240916_132740"/>
         <property name="logFiles" value="D:\\Katalon-Atomate-Testing\\DevOps_Automate_Testing_Katalon\\Reports\\20240916_132740\\TestSuit_Jenkins\\JenkinsSuit_Script\\20240916_132740\\execution0.log"/>
         <property name="attachments" value=""/>
         <property name="hostName" value="sokphak.phol - 21639-SOKPHAK.PRASAC.COM.KH"/>
         <property name="os" value="Windows 11 64bit"/>
         <property name="katalonVersion" value="9.6.0.217"/>
         <property name="browser" value="Chrome 128.0.0.0"/>
         <property name="hostAddress" value="10.10.20.90"/>
         <property name="sessionId" value="00fd4a2ad9bf7a8e8ce850b455bd23c3"/>
         <property name="seleniumVersion" value="3.141.59"/>
         <property name="proxyInformation" value="ProxyInformation { proxyOption=NO_PROXY, proxyServerType=HTTP, username=, password=********, proxyServerAddress=, proxyServerPort=0, executionList=&quot;&quot;, isApplyToDesiredCapabilities=true }"/>
         <property name="platform" value="Windows 11"/>
      </properties>
      <testcase name="Test Cases/Jenkins_TestCase_Script/Jenkins_Script_Demo" time="29.818" classname="Test Cases/Jenkins_TestCase_Script/Jenkins_Script_Demo" status="PASSED">
         <system-out><![CDATA[16-09-2024T13:27:50 - [TEST_CASE][PASSED] - Test Cases/Jenkins_TestCase_Script/Jenkins_Script_Demo: Test Cases/Jenkins_TestCase_Script/Jenkins_Script_Demo

16-09-2024T13:27:50 - [TEST_STEP][PASSED] - openBrowser(""): Browser is opened with url: ''

16-09-2024T13:27:50 - [MESSAGE][INFO] - Starting 'Chrome' driver

16-09-2024T13:27:50 - [MESSAGE][INFO] - Action delay is set to 0 milliseconds

16-09-2024T13:27:52 - [MESSAGE][PASSED] - Browser is opened with url: ''

16-09-2024T13:27:52 - [TEST_STEP][PASSED] - navigateToUrl("https://katalon-demo-cura.herokuapp.com/"): Navigate to 'https://katalon-demo-cura.herokuapp.com/' successfully

16-09-2024T13:28:11 - [MESSAGE][PASSED] - Navigate to 'https://katalon-demo-cura.herokuapp.com/' successfully

16-09-2024T13:28:11 - [TEST_STEP][PASSED] - click(findTestObject("Object Repository/Jenkins_Script/Page_CURA Healthcare Service/a_Make Appointment")): Object: 'Object Repository/Jenkins_Script/Page_CURA Healthcare Service/a_Make Appointment' is clicked on

16-09-2024T13:28:12 - [MESSAGE][PASSED] - Object: 'Object Repository/Jenkins_Script/Page_CURA Healthcare Service/a_Make Appointment' is clicked on

16-09-2024T13:28:12 - [TEST_STEP][PASSED] - setText(findTestObject("Object Repository/Jenkins_Script/Page_CURA Healthcare Service/input_Username_username"), "John Doe"): Text 'John Doe' is set on object 'Object Repository/Jenkins_Script/Page_CURA Healthcare Service/input_Username_username'

16-09-2024T13:28:12 - [MESSAGE][PASSED] - Text 'John Doe' is set on object 'Object Repository/Jenkins_Script/Page_CURA Healthcare Service/input_Username_username'

16-09-2024T13:28:12 - [TEST_STEP][PASSED] - setEncryptedText(findTestObject("Object Repository/Jenkins_Script/Page_CURA Healthcare Service/input_Password_password"), "g3/DOGG74jC3Flrr3yH+3D/yKbOqqUNM"): Text ****** has been set on object 'Object Repository/Jenkins_Script/Page_CURA Healthcare Service/input_Password_password'

16-09-2024T13:28:12 - [MESSAGE][PASSED] - Text ****** has been set on object 'Object Repository/Jenkins_Script/Page_CURA Healthcare Service/input_Password_password'

16-09-2024T13:28:12 - [TEST_STEP][PASSED] - click(findTestObject("Object Repository/Jenkins_Script/Page_CURA Healthcare Service/button_Login")): Object: 'Object Repository/Jenkins_Script/Page_CURA Healthcare Service/button_Login' is clicked on

16-09-2024T13:28:13 - [MESSAGE][PASSED] - Object: 'Object Repository/Jenkins_Script/Page_CURA Healthcare Service/button_Login' is clicked on

16-09-2024T13:28:13 - [TEST_STEP][PASSED] - selectOptionByValue(findTestObject("Object Repository/Jenkins_Script/Page_CURA Healthcare Service/select_Tokyo CURA Healthcare Center        _5b4107"), "Hongkong CURA Healthcare Center", true): All options with value 'Hongkong CURA Healthcare Center' are selected in object 'Object Repository/Jenkins_Script/Page_CURA Healthcare Service/select_Tokyo CURA Healthcare Center        _5b4107'  using regular expression

16-09-2024T13:28:14 - [MESSAGE][PASSED] - All options with value 'Hongkong CURA Healthcare Center' are selected in object 'Object Repository/Jenkins_Script/Page_CURA Healthcare Service/select_Tokyo CURA Healthcare Center        _5b4107'  using regular expression

16-09-2024T13:28:14 - [TEST_STEP][PASSED] - click(findTestObject("Object Repository/Jenkins_Script/Page_CURA Healthcare Service/span_Visit Date (Required)_glyphicon glyphi_cada34")): Object: 'Object Repository/Jenkins_Script/Page_CURA Healthcare Service/span_Visit Date (Required)_glyphicon glyphi_cada34' is clicked on

16-09-2024T13:28:15 - [MESSAGE][PASSED] - Object: 'Object Repository/Jenkins_Script/Page_CURA Healthcare Service/span_Visit Date (Required)_glyphicon glyphi_cada34' is clicked on

16-09-2024T13:28:15 - [TEST_STEP][PASSED] - click(findTestObject("Object Repository/Jenkins_Script/Page_CURA Healthcare Service/td_16")): Object: 'Object Repository/Jenkins_Script/Page_CURA Healthcare Service/td_16' is clicked on

16-09-2024T13:28:15 - [MESSAGE][PASSED] - Object: 'Object Repository/Jenkins_Script/Page_CURA Healthcare Service/td_16' is clicked on

16-09-2024T13:28:15 - [TEST_STEP][PASSED] - setText(findTestObject("Object Repository/Jenkins_Script/Page_CURA Healthcare Service/textarea_Comment_comment"), "testing"): Text 'testing' is set on object 'Object Repository/Jenkins_Script/Page_CURA Healthcare Service/textarea_Comment_comment'

16-09-2024T13:28:16 - [MESSAGE][PASSED] - Text 'testing' is set on object 'Object Repository/Jenkins_Script/Page_CURA Healthcare Service/textarea_Comment_comment'

16-09-2024T13:28:16 - [TEST_STEP][PASSED] - click(findTestObject("Object Repository/Jenkins_Script/Page_CURA Healthcare Service/button_Book Appointment")): Object: 'Object Repository/Jenkins_Script/Page_CURA Healthcare Service/button_Book Appointment' is clicked on

16-09-2024T13:28:17 - [MESSAGE][PASSED] - Object: 'Object Repository/Jenkins_Script/Page_CURA Healthcare Service/button_Book Appointment' is clicked on

16-09-2024T13:28:17 - [TEST_STEP][PASSED] - click(findTestObject("Object Repository/Jenkins_Script/Page_CURA Healthcare Service/a_Go to Homepage")): Object: 'Object Repository/Jenkins_Script/Page_CURA Healthcare Service/a_Go to Homepage' is clicked on

16-09-2024T13:28:18 - [MESSAGE][PASSED] - Object: 'Object Repository/Jenkins_Script/Page_CURA Healthcare Service/a_Go to Homepage' is clicked on

16-09-2024T13:28:18 - [TEST_STEP][PASSED] - closeBrowser(): Browser is closed

16-09-2024T13:28:18 - [MESSAGE][PASSED] - Browser is closed

16-09-2024T13:28:20 - [TEST_STEP][PASSED] - Video: Video recording for test case 'Test Cases/Jenkins_TestCase_Script/Jenkins_Script_Demo' .

16-09-2024T13:28:20 - [MESSAGE][INFO] - Video recording for test case 'Test Cases/Jenkins_TestCase_Script/Jenkins_Script_Demo' .]]></system-out>
         <system-err><![CDATA[]]></system-err>
      </testcase>
      <system-out><![CDATA[16-09-2024T13:27:50 - [TEST_SUITE][PASSED] - JenkinsSuit_Script: Test Cases/Jenkins_TestCase_Script/Jenkins_Script_Demo]]></system-out>
      <system-err><![CDATA[]]></system-err>
   </testsuite>
</testsuites>
